<?xml version="1.0" encoding="UTF-8"?>
<!-- Generated by org.testng.reporters.JUnitReportReporter -->
<testsuite skipped="0" hostname="Shripal" name="sauceDemo.SauceDemoTest" tests="1" failures="0" timestamp="24 Dec 2018 00:05:35 GMT" time="9.773" errors="0">
  <testcase name="firstTest" time="9.773" classname="sauceDemo.SauceDemoTest"/>
</testsuite> <!-- sauceDemo.SauceDemoTest -->
