<?xml version="1.0" encoding="UTF-8"?>
<!-- Generated by org.testng.reporters.JUnitReportReporter -->
<testsuite skipped="0" hostname="Shripal" name="framework.selenium.test" tests="1" failures="0" timestamp="22 Dec 2018 23:47:53 GMT" time="10.421" errors="0">
  <testcase name="firstTest" time="10.421" classname="framework.selenium.test"/>
</testsuite> <!-- framework.selenium.test -->
