<?xml version="1.0" encoding="UTF-8"?>
<!-- Generated by org.testng.reporters.JUnitReportReporter -->
<testsuite skipped="0" hostname="Shripal" name="sauceDemo.SauceDemo" tests="1" failures="0" timestamp="23 Dec 2018 21:53:59 GMT" time="10.863" errors="0">
  <testcase name="firstTest" time="10.863" classname="sauceDemo.SauceDemo"/>
</testsuite> <!-- sauceDemo.SauceDemo -->
