<?xml version="1.0" encoding="UTF-8"?>
<!-- Generated by org.testng.reporters.JUnitReportReporter -->
<testsuite skipped="0" hostname="Shripal" name="com.test.SauceDemoTest" tests="1" failures="0" timestamp="30 Dec 2018 21:06:23 GMT" time="0.329" errors="0">
  <testcase name="firstTest" time="0.329" classname="com.test.SauceDemoTest"/>
</testsuite> <!-- com.test.SauceDemoTest -->
